<?xml version="1.0" encoding="UTF-8"?>
<!-- Generated by org.testng.reporters.JUnitReportReporter -->
<testsuite skipped="0" hostname="vikash-HP" name="com.wordpress.TestCases.VerifyWordpPressLogin" tests="1" failures="0" timestamp="24 Jan 2018 14:43:59 GMT" time="37.795" errors="0">
  <testcase name="verifyValidLogin" time="37.795" classname="com.wordpress.TestCases.VerifyWordpPressLogin"/>
</testsuite> <!-- com.wordpress.TestCases.VerifyWordpPressLogin -->
