<?xml version="1.0" encoding="UTF-8"?>
<!-- Generated by org.testng.reporters.JUnitReportReporter -->
<testsuite skipped="0" hostname="vikash-HP" name="runfailed.TestCase1" tests="1" failures="0" timestamp="23 Jan 2018 14:36:13 GMT" time="0.012" errors="0">
  <testcase name="TestFB" time="0.012" classname="runfailed.TestCase1"/>
</testsuite> <!-- runfailed.TestCase1 -->
