<?xml version="1.0" encoding="UTF-8"?>
<!-- Generated by org.testng.reporters.JUnitReportReporter -->
<testsuite skipped="0" hostname="vikash-HP" name="com.testNG.test.TestDependencyUsingFacebook" tests="2" failures="0" timestamp="12 Jan 2018 10:43:28 GMT" time="42.608" errors="0">
  <testcase name="openBrowser" time="33.250" classname="com.testNG.test.TestDependencyUsingFacebook"/>
  <testcase name="LoginToFacebook" time="9.358" classname="com.testNG.test.TestDependencyUsingFacebook"/>
</testsuite> <!-- com.testNG.test.TestDependencyUsingFacebook -->
