<?xml version="1.0" encoding="UTF-8"?>
<!-- Generated by org.testng.reporters.JUnitReportReporter -->
<testsuite skipped="0" hostname="vikash-HP" name="screenshot.FacebookScreenshot" tests="1" failures="0" timestamp="20 Jan 2018 08:36:30 GMT" time="31.952" errors="0">
  <testcase name="captureScreenshot" time="31.952" classname="screenshot.FacebookScreenshot"/>
</testsuite> <!-- screenshot.FacebookScreenshot -->
