<?xml version="1.0" encoding="UTF-8"?>
<!-- Generated by org.testng.reporters.JUnitReportReporter -->
<testsuite skipped="0" hostname="vikash-HP" name="com.testNG.test.TestTestNGAttributes" tests="6" failures="0" timestamp="11 Jan 2018 07:04:22 GMT" time="0.030" errors="0">
  <testcase name="d" time="0.010" classname="com.testNG.test.TestTestNGAttributes"/>
  <testcase name="a" time="0.000" classname="com.testNG.test.TestTestNGAttributes"/>
  <testcase name="e" time="0.010" classname="com.testNG.test.TestTestNGAttributes"/>
  <testcase name="o" time="0.000" classname="com.testNG.test.TestTestNGAttributes"/>
  <testcase name="m" time="0.000" classname="com.testNG.test.TestTestNGAttributes"/>
  <testcase name="f" time="0.010" classname="com.testNG.test.TestTestNGAttributes"/>
</testsuite> <!-- com.testNG.test.TestTestNGAttributes -->
