<?xml version="1.0" encoding="UTF-8"?>
<!-- Generated by org.testng.reporters.JUnitReportReporter -->
<testsuite skipped="0" hostname="vikash-HP" name="com.wordpress.TestCases.VerifyValidLogin" tests="1" failures="0" timestamp="25 Jan 2018 14:41:52 GMT" time="69.899" errors="0">
  <testcase name="checkValidUser" time="69.899" classname="com.wordpress.TestCases.VerifyValidLogin"/>
</testsuite> <!-- com.wordpress.TestCases.VerifyValidLogin -->
