<?xml version="1.0" encoding="UTF-8"?>
<!-- Generated by org.testng.reporters.JUnitReportReporter -->
<testsuite skipped="0" hostname="vikash-HP" name="com.testNG.test.TestGrouping" tests="1" failures="0" timestamp="12 Jan 2018 06:41:02 GMT" time="0.010" errors="0">
  <testcase name="f2" time="0.010" classname="com.testNG.test.TestGrouping"/>
</testsuite> <!-- com.testNG.test.TestGrouping -->
