<?xml version="1.0" encoding="UTF-8"?>
<!-- Generated by org.testng.reporters.JUnitReportReporter -->
<testsuite skipped="0" hostname="vikash-HP" name="com.testNG.test.TestAnnotations" tests="2" failures="0" timestamp="12 Jan 2018 06:25:23 GMT" time="0.020" errors="0">
  <testcase name="F2" time="0.010" classname="com.testNG.test.TestAnnotations"/>
  <testcase name="f1" time="0.010" classname="com.testNG.test.TestAnnotations"/>
</testsuite> <!-- com.testNG.test.TestAnnotations -->
