<?xml version="1.0" encoding="UTF-8"?>
<!-- Generated by org.testng.reporters.JUnitReportReporter -->
<testsuite skipped="0" hostname="vikash-HP" name="com.testNG.test.TestGroupingNew" tests="4" failures="0" timestamp="12 Jan 2018 06:41:02 GMT" time="0.010" errors="0">
  <testcase name="m1" time="0.010" classname="com.testNG.test.TestGroupingNew"/>
  <testcase name="m4" time="0.000" classname="com.testNG.test.TestGroupingNew"/>
  <testcase name="m2" time="0.000" classname="com.testNG.test.TestGroupingNew"/>
  <testcase name="m3" time="0.000" classname="com.testNG.test.TestGroupingNew"/>
</testsuite> <!-- com.testNG.test.TestGroupingNew -->
