<?xml version="1.0" encoding="UTF-8"?>
<!-- Generated by org.testng.reporters.JUnitReportReporter -->
<testsuite skipped="0" hostname="vikash-HP" name="grid.Node2" tests="1" failures="0" timestamp="09 Jan 2018 14:11:54 GMT" time="42.687" errors="0">
  <testcase name="f" time="42.687" classname="grid.Node2"/>
</testsuite> <!-- grid.Node2 -->
