<?xml version="1.0" encoding="UTF-8"?>
<!-- Generated by org.testng.reporters.JUnitReportReporter -->
<testsuite skipped="0" hostname="vikash-HP" name="com.wordpress.TestCases.VerifyWordpPressLoginWithParameters" tests="1" failures="0" timestamp="24 Jan 2018 14:57:14 GMT" time="68.584" errors="0">
  <testcase name="verifyValidLogin" time="68.584" classname="com.wordpress.TestCases.VerifyWordpPressLoginWithParameters"/>
</testsuite> <!-- com.wordpress.TestCases.VerifyWordpPressLoginWithParameters -->
