<?xml version="1.0" encoding="UTF-8"?>
<!-- Generated by org.testng.reporters.JUnitReportReporter -->
<testsuite skipped="0" hostname="vikash-HP" name="runfailed.TestCase2" tests="1" failures="0" timestamp="23 Jan 2018 14:36:13 GMT" time="0.002" errors="0">
  <testcase name="TestFlipkart" time="0.002" classname="runfailed.TestCase2"/>
</testsuite> <!-- runfailed.TestCase2 -->
